d:\users\school\concordia university\winter 2025\mech 6631 - industrial automation\project\may 1, 18.06\debug\vc143.pdb
d:\users\school\concordia university\winter 2025\mech 6631 - industrial automation\project\may 1, 18.06\debug\vision_simulation.obj
d:\users\school\concordia university\winter 2025\mech 6631 - industrial automation\project\may 1, 18.06\debug\vision2.obj
d:\users\school\concordia university\winter 2025\mech 6631 - industrial automation\project\may 1, 18.06\debug\vision.obj
d:\users\school\concordia university\winter 2025\mech 6631 - industrial automation\project\may 1, 18.06\debug\timer.obj
d:\users\school\concordia university\winter 2025\mech 6631 - industrial automation\project\may 1, 18.06\debug\shared_memory.obj
d:\users\school\concordia university\winter 2025\mech 6631 - industrial automation\project\may 1, 18.06\debug\robot.obj
d:\users\school\concordia university\winter 2025\mech 6631 - industrial automation\project\may 1, 18.06\debug\program.obj
d:\users\school\concordia university\winter 2025\mech 6631 - industrial automation\project\may 1, 18.06\debug\attack_new_2.obj
d:\users\school\concordia university\winter 2025\mech 6631 - industrial automation\project\may 1, 18.06\debug\program.exe
d:\users\school\concordia university\winter 2025\mech 6631 - industrial automation\project\may 1, 18.06\debug\program.pdb
d:\users\school\concordia university\winter 2025\mech 6631 - industrial automation\project\may 1, 18.06\debug\program.ilk
d:\users\school\concordia university\winter 2025\mech 6631 - industrial automation\project\may 1, 18.06\debug\program.tlog\cl.command.1.tlog
d:\users\school\concordia university\winter 2025\mech 6631 - industrial automation\project\may 1, 18.06\debug\program.tlog\cl.items.tlog
d:\users\school\concordia university\winter 2025\mech 6631 - industrial automation\project\may 1, 18.06\debug\program.tlog\cl.read.1.tlog
d:\users\school\concordia university\winter 2025\mech 6631 - industrial automation\project\may 1, 18.06\debug\program.tlog\cl.write.1.tlog
d:\users\school\concordia university\winter 2025\mech 6631 - industrial automation\project\may 1, 18.06\debug\program.tlog\link.command.1.tlog
d:\users\school\concordia university\winter 2025\mech 6631 - industrial automation\project\may 1, 18.06\debug\program.tlog\link.read.1.tlog
d:\users\school\concordia university\winter 2025\mech 6631 - industrial automation\project\may 1, 18.06\debug\program.tlog\link.secondary.1.tlog
d:\users\school\concordia university\winter 2025\mech 6631 - industrial automation\project\may 1, 18.06\debug\program.tlog\link.write.1.tlog
