  program.cpp
D:\Users\School\Concordia University\Winter 2025\MECH 6631 - INDUSTRIAL AUTOMATION\Project\472-6631\program.cpp(304,60): warning C4244: 'argument': conversion from 'double' to 'int', possible loss of data
D:\Users\School\Concordia University\Winter 2025\MECH 6631 - INDUSTRIAL AUTOMATION\Project\472-6631\program.cpp(304,51): warning C4244: 'argument': conversion from 'double' to 'int', possible loss of data
D:\Users\School\Concordia University\Winter 2025\MECH 6631 - INDUSTRIAL AUTOMATION\Project\472-6631\program.cpp(304,44): warning C4244: 'argument': conversion from 'double' to 'int', possible loss of data
D:\Users\School\Concordia University\Winter 2025\MECH 6631 - INDUSTRIAL AUTOMATION\Project\472-6631\program.cpp(84,9): warning C4101: 'tc': unreferenced local variable
D:\Users\School\Concordia University\Winter 2025\MECH 6631 - INDUSTRIAL AUTOMATION\Project\472-6631\program.cpp(60,6): warning C4101: 'cam_number': unreferenced local variable
  robot.cpp
  shared_memory.cpp
  timer.cpp
  vision.cpp
  vision_simulation.cpp
D:\Users\School\Concordia University\Winter 2025\MECH 6631 - INDUSTRIAL AUTOMATION\Project\472-6631\vision_simulation.cpp(270,18): warning C4101: 't_laser_o': unreferenced local variable
D:\Users\School\Concordia University\Winter 2025\MECH 6631 - INDUSTRIAL AUTOMATION\Project\472-6631\vision_simulation.cpp(270,9): warning C4101: 't_laser': unreferenced local variable
D:\Users\School\Concordia University\Winter 2025\MECH 6631 - INDUSTRIAL AUTOMATION\Project\472-6631\vision_simulation.cpp(698,11): warning C4244: '=': conversion from 'double' to 'int', possible loss of data
D:\Users\School\Concordia University\Winter 2025\MECH 6631 - INDUSTRIAL AUTOMATION\Project\472-6631\vision_simulation.cpp(699,11): warning C4244: '=': conversion from 'double' to 'int', possible loss of data
D:\Users\School\Concordia University\Winter 2025\MECH 6631 - INDUSTRIAL AUTOMATION\Project\472-6631\vision_simulation.cpp(700,11): warning C4244: '=': conversion from 'double' to 'int', possible loss of data
D:\Users\School\Concordia University\Winter 2025\MECH 6631 - INDUSTRIAL AUTOMATION\Project\472-6631\vision_simulation.cpp(514,12): warning C4101: 'k': unreferenced local variable
  Generating Code...
image_transfer.lib(image_transfer.obj) : warning LNK4099: PDB '' was not found with 'image_transfer.lib(image_transfer.obj)' or at ''; linking object as if no debug info
image_transfer.lib(Video_IO.obj) : warning LNK4099: PDB '' was not found with 'image_transfer.lib(Video_IO.obj)' or at ''; linking object as if no debug info
  program.vcxproj -> D:\Users\School\Concordia University\Winter 2025\MECH 6631 - INDUSTRIAL AUTOMATION\Project\472-6631\Debug\program.exe
